[2021-07-08 12:31:03.386] [exthost] [info] extension host started
[2021-07-08 12:31:04.564] [exthost] [info] ExtensionService#_doActivateExtension vscode.microsoft-authentication {"startup":false,"extensionId":{"value":"vscode.microsoft-authentication","_lower":"vscode.microsoft-authentication"},"activationEvent":"onAuthenticationRequest:microsoft"}
[2021-07-08 12:31:04.565] [exthost] [info] ExtensionService#loadCommonJSModule file:///usr/share/code/resources/app/extensions/microsoft-authentication/dist/extension.js
[2021-07-08 12:31:04.627] [exthost] [info] ExtensionService#_doActivateExtension vscode.debug-auto-launch {"startup":true,"extensionId":{"value":"vscode.debug-auto-launch","_lower":"vscode.debug-auto-launch"},"activationEvent":"*"}
[2021-07-08 12:31:04.627] [exthost] [info] ExtensionService#loadCommonJSModule file:///usr/share/code/resources/app/extensions/debug-auto-launch/dist/extension
[2021-07-08 12:31:04.649] [exthost] [info] ExtensionService#_doActivateExtension vscode.git {"startup":true,"extensionId":{"value":"vscode.github","_lower":"vscode.github"},"activationEvent":"*"}
[2021-07-08 12:31:04.650] [exthost] [info] ExtensionService#loadCommonJSModule file:///usr/share/code/resources/app/extensions/git/dist/main
[2021-07-08 12:31:08.252] [exthost] [warning] [Decorations] CAPPING events from decorations provider vscode.git 4520
[2021-07-08 12:31:12.769] [exthost] [info] ExtensionService#_doActivateExtension vscode.github {"startup":true,"extensionId":{"value":"vscode.github","_lower":"vscode.github"},"activationEvent":"*"}
[2021-07-08 12:31:12.771] [exthost] [info] ExtensionService#loadCommonJSModule file:///usr/share/code/resources/app/extensions/github/dist/extension.js
[2021-07-08 12:31:13.291] [exthost] [info] eager extensions activated
[2021-07-08 12:31:13.309] [exthost] [info] ExtensionService#_doActivateExtension ms-vscode.js-debug {"startup":false,"extensionId":{"value":"ms-vscode.js-debug","_lower":"ms-vscode.js-debug"},"activationEvent":"onCommand:extension.js-debug.clearAutoAttachVariables"}
[2021-07-08 12:31:13.309] [exthost] [info] ExtensionService#loadCommonJSModule file:///usr/share/code/resources/app/extensions/ms-vscode.js-debug/src/extension.js
[2021-07-08 12:31:13.776] [exthost] [info] ExtensionService#_doActivateExtension vscode.emmet {"startup":false,"extensionId":{"value":"vscode.emmet","_lower":"vscode.emmet"},"activationEvent":"onStartupFinished"}
[2021-07-08 12:31:13.776] [exthost] [info] ExtensionService#loadCommonJSModule file:///usr/share/code/resources/app/extensions/emmet/dist/node/emmetNodeMain
[2021-07-08 12:31:13.820] [exthost] [info] ExtensionService#_doActivateExtension vscode.merge-conflict {"startup":false,"extensionId":{"value":"vscode.merge-conflict","_lower":"vscode.merge-conflict"},"activationEvent":"onStartupFinished"}
[2021-07-08 12:31:13.820] [exthost] [info] ExtensionService#loadCommonJSModule file:///usr/share/code/resources/app/extensions/merge-conflict/dist/mergeConflictMain
[2021-07-08 12:31:13.878] [exthost] [info] ExtensionService#_doActivateExtension vscode.testing-editor-contributions {"startup":false,"extensionId":{"value":"vscode.testing-editor-contributions","_lower":"vscode.testing-editor-contributions"},"activationEvent":"onStartupFinished"}
[2021-07-08 12:31:13.878] [exthost] [info] ExtensionService#loadCommonJSModule file:///usr/share/code/resources/app/extensions/testing-editor-contributions/dist/extension.js
[2021-07-08 12:31:14.227] [exthost] [info] ExtensionService#_doActivateExtension vscode.github-authentication {"startup":false,"extensionId":{"value":"vscode.github-authentication","_lower":"vscode.github-authentication"},"activationEvent":"onAuthenticationRequest:github"}
[2021-07-08 12:31:14.227] [exthost] [info] ExtensionService#loadCommonJSModule file:///usr/share/code/resources/app/extensions/github-authentication/dist/extension.js
[2021-07-08 12:31:42.903] [exthost] [info] extension host terminating: renderer closed the socket
[2021-07-08 12:31:43.941] [exthost] [info] exiting with code 0
[2021-07-08 12:31:49.228] [exthost] [info] extension host started
[2021-07-08 12:31:49.416] [exthost] [info] Lock '/home/gio/.config/Code/User/workspaceStorage/8be09607384231e475a11eb689c698ae/vscode.lock': Lock acquired.
[2021-07-08 12:31:49.687] [exthost] [info] ExtensionService#_doActivateExtension vscode.microsoft-authentication {"startup":false,"extensionId":{"value":"vscode.microsoft-authentication","_lower":"vscode.microsoft-authentication"},"activationEvent":"onAuthenticationRequest:microsoft"}
[2021-07-08 12:31:49.687] [exthost] [info] ExtensionService#loadCommonJSModule file:///usr/share/code/resources/app/extensions/microsoft-authentication/dist/extension.js
[2021-07-08 12:31:49.723] [exthost] [info] ExtensionService#_doActivateExtension vscode.debug-auto-launch {"startup":true,"extensionId":{"value":"vscode.debug-auto-launch","_lower":"vscode.debug-auto-launch"},"activationEvent":"*"}
[2021-07-08 12:31:49.723] [exthost] [info] ExtensionService#loadCommonJSModule file:///usr/share/code/resources/app/extensions/debug-auto-launch/dist/extension
[2021-07-08 12:31:49.737] [exthost] [info] ExtensionService#_doActivateExtension vscode.git {"startup":true,"extensionId":{"value":"vscode.github","_lower":"vscode.github"},"activationEvent":"*"}
[2021-07-08 12:31:49.737] [exthost] [info] ExtensionService#loadCommonJSModule file:///usr/share/code/resources/app/extensions/git/dist/main
[2021-07-08 12:31:50.433] [exthost] [info] ExtensionService#_doActivateExtension vscode.github {"startup":true,"extensionId":{"value":"vscode.github","_lower":"vscode.github"},"activationEvent":"*"}
[2021-07-08 12:31:50.433] [exthost] [info] ExtensionService#loadCommonJSModule file:///usr/share/code/resources/app/extensions/github/dist/extension.js
[2021-07-08 12:31:51.437] [exthost] [warning] [Decorations] CAPPING events from decorations provider vscode.git 4538
[2021-07-08 12:31:55.531] [exthost] [info] eager extensions activated
[2021-07-08 12:31:55.928] [exthost] [info] ExtensionService#_doActivateExtension ms-vscode.js-debug {"startup":false,"extensionId":{"value":"ms-vscode.js-debug","_lower":"ms-vscode.js-debug"},"activationEvent":"onCommand:extension.js-debug.clearAutoAttachVariables"}
[2021-07-08 12:31:55.929] [exthost] [info] ExtensionService#loadCommonJSModule file:///usr/share/code/resources/app/extensions/ms-vscode.js-debug/src/extension.js
[2021-07-08 12:31:56.512] [exthost] [info] ExtensionService#_doActivateExtension vscode.emmet {"startup":false,"extensionId":{"value":"vscode.emmet","_lower":"vscode.emmet"},"activationEvent":"onStartupFinished"}
[2021-07-08 12:31:56.512] [exthost] [info] ExtensionService#loadCommonJSModule file:///usr/share/code/resources/app/extensions/emmet/dist/node/emmetNodeMain
[2021-07-08 12:31:56.543] [exthost] [info] ExtensionService#_doActivateExtension vscode.merge-conflict {"startup":false,"extensionId":{"value":"vscode.merge-conflict","_lower":"vscode.merge-conflict"},"activationEvent":"onStartupFinished"}
[2021-07-08 12:31:56.543] [exthost] [info] ExtensionService#loadCommonJSModule file:///usr/share/code/resources/app/extensions/merge-conflict/dist/mergeConflictMain
[2021-07-08 12:31:56.549] [exthost] [info] ExtensionService#_doActivateExtension vscode.testing-editor-contributions {"startup":false,"extensionId":{"value":"vscode.testing-editor-contributions","_lower":"vscode.testing-editor-contributions"},"activationEvent":"onStartupFinished"}
[2021-07-08 12:31:56.550] [exthost] [info] ExtensionService#loadCommonJSModule file:///usr/share/code/resources/app/extensions/testing-editor-contributions/dist/extension.js
[2021-07-08 12:31:56.691] [exthost] [info] ExtensionService#_doActivateExtension vscode.github-authentication {"startup":false,"extensionId":{"value":"vscode.github-authentication","_lower":"vscode.github-authentication"},"activationEvent":"onAuthenticationRequest:github"}
[2021-07-08 12:31:56.691] [exthost] [info] ExtensionService#loadCommonJSModule file:///usr/share/code/resources/app/extensions/github-authentication/dist/extension.js
[2021-07-08 12:32:47.573] [exthost] [warning] [Decorations] CAPPING events from decorations provider vscode.git 4574
[2021-07-08 12:32:56.099] [exthost] [info] ExtensionService#_doActivateExtension vscode.html-language-features {"startup":false,"extensionId":{"value":"vscode.html-language-features","_lower":"vscode.html-language-features"},"activationEvent":"onLanguage:html"}
[2021-07-08 12:32:56.099] [exthost] [info] ExtensionService#loadCommonJSModule file:///usr/share/code/resources/app/extensions/html-language-features/client/dist/node/htmlClientMain
[2021-07-08 12:34:04.198] [exthost] [warning] [Decorations] CAPPING events from decorations provider vscode.git 4578
[2021-07-08 12:34:12.481] [exthost] [warning] [Decorations] CAPPING events from decorations provider vscode.git 4578
[2021-07-08 12:34:50.574] [exthost] [warning] [Decorations] CAPPING events from decorations provider vscode.git 4578
[2021-07-08 12:34:59.955] [exthost] [warning] [Decorations] CAPPING events from decorations provider vscode.git 4577
[2021-07-08 12:35:21.663] [exthost] [warning] [Decorations] CAPPING events from decorations provider vscode.git 4573
[2021-07-08 12:35:41.679] [exthost] [warning] [Decorations] CAPPING events from decorations provider vscode.git 4572
[2021-07-08 12:38:02.470] [exthost] [warning] [Decorations] CAPPING events from decorations provider vscode.git 4573
[2021-07-08 12:40:31.517] [exthost] [warning] [Decorations] CAPPING events from decorations provider vscode.git 4573
[2021-07-08 12:40:46.301] [exthost] [warning] [Decorations] CAPPING events from decorations provider vscode.git 4572
[2021-07-08 12:44:54.988] [exthost] [warning] [Decorations] CAPPING events from decorations provider vscode.git 4573
[2021-07-08 12:45:00.173] [exthost] [warning] [Decorations] CAPPING events from decorations provider vscode.git 4573
[2021-07-08 12:47:20.348] [exthost] [warning] [Decorations] CAPPING events from decorations provider vscode.git 4622
[2021-07-08 12:47:25.575] [exthost] [warning] [Decorations] CAPPING events from decorations provider vscode.git 4621
[2021-07-08 12:49:33.219] [exthost] [warning] [Decorations] CAPPING events from decorations provider vscode.git 4623
[2021-07-08 12:49:38.396] [exthost] [warning] [Decorations] CAPPING events from decorations provider vscode.git 4623
[2021-07-08 12:55:13.065] [exthost] [warning] [Decorations] CAPPING events from decorations provider vscode.git 4623
[2021-07-08 12:55:18.253] [exthost] [warning] [Decorations] CAPPING events from decorations provider vscode.git 4623
[2021-07-08 12:56:17.901] [exthost] [warning] [Decorations] CAPPING events from decorations provider vscode.git 4623
[2021-07-08 12:56:27.891] [exthost] [warning] [Decorations] CAPPING events from decorations provider vscode.git 4623
[2021-07-08 12:58:00.588] [exthost] [warning] [Decorations] CAPPING events from decorations provider vscode.git 4624
[2021-07-08 12:58:11.939] [exthost] [warning] [Decorations] CAPPING events from decorations provider vscode.git 4623
[2021-07-08 12:58:17.121] [exthost] [warning] [Decorations] CAPPING events from decorations provider vscode.git 4622
[2021-07-08 12:58:36.853] [exthost] [warning] [Decorations] CAPPING events from decorations provider vscode.git 4623
[2021-07-08 12:59:17.836] [exthost] [warning] [Decorations] CAPPING events from decorations provider vscode.git 4623
[2021-07-08 12:59:23.015] [exthost] [warning] [Decorations] CAPPING events from decorations provider vscode.git 4623
[2021-07-08 13:00:40.844] [exthost] [warning] [Decorations] CAPPING events from decorations provider vscode.git 4623
[2021-07-08 13:03:04.738] [exthost] [warning] [Decorations] CAPPING events from decorations provider vscode.git 4624
