[    20.213] (--) Log file renamed from "/home/gio/.local/share/xorg/Xorg.pid-732.log" to "/home/gio/.local/share/xorg/Xorg.0.log"
[    20.216] 
X.Org X Server 1.20.9
X Protocol Version 11, Revision 0
[    20.217] Build Operating System: Linux 4.15.0-130-generic x86_64 Ubuntu
[    20.217] Current Operating System: Linux gio-Ubuntu 5.8.0-59-generic #66~20.04.1-Ubuntu SMP Thu Jun 17 11:14:10 UTC 2021 x86_64
[    20.217] Kernel command line: BOOT_IMAGE=/boot/vmlinuz-5.8.0-59-generic root=UUID=a2976f75-3dfe-433e-94a4-0aa8484c2d7d ro quiet splash
[    20.217] Build Date: 17 January 2021  09:13:31AM
[    20.217] xorg-server 2:1.20.9-2ubuntu1.2~20.04.1 (For technical support please see http://www.ubuntu.com/support) 
[    20.218] Current version of pixman: 0.38.4
[    20.218] 	Before reporting problems, check http://wiki.x.org
	to make sure that you have the latest version.
[    20.219] Markers: (--) probed, (**) from config file, (==) default setting,
	(++) from command line, (!!) notice, (II) informational,
	(WW) warning, (EE) error, (NI) not implemented, (??) unknown.
[    20.222] (==) Log file: "/home/gio/.local/share/xorg/Xorg.0.log", Time: Thu Jul  8 12:10:12 2021
[    20.225] (==) Using system config directory "/usr/share/X11/xorg.conf.d"
[    20.232] (==) No Layout section.  Using the first Screen section.
[    20.233] (==) No screen section available. Using defaults.
[    20.233] (**) |-->Screen "Default Screen Section" (0)
[    20.233] (**) |   |-->Monitor "<default monitor>"
[    20.235] (==) No monitor specified for screen "Default Screen Section".
	Using a default monitor configuration.
[    20.237] (==) Automatically adding devices
[    20.237] (==) Automatically enabling devices
[    20.237] (==) Automatically adding GPU devices
[    20.237] (==) Automatically binding GPU devices
[    20.237] (==) Max clients allowed: 256, resource mask: 0x1fffff
[    20.242] (WW) The directory "/usr/share/fonts/X11/cyrillic" does not exist.
[    20.242] 	Entry deleted from font path.
[    20.242] (WW) The directory "/usr/share/fonts/X11/100dpi/" does not exist.
[    20.242] 	Entry deleted from font path.
[    20.242] (WW) The directory "/usr/share/fonts/X11/75dpi/" does not exist.
[    20.242] 	Entry deleted from font path.
[    20.244] (WW) The directory "/usr/share/fonts/X11/100dpi" does not exist.
[    20.244] 	Entry deleted from font path.
[    20.244] (WW) The directory "/usr/share/fonts/X11/75dpi" does not exist.
[    20.244] 	Entry deleted from font path.
[    20.244] (==) FontPath set to:
	/usr/share/fonts/X11/misc,
	/usr/share/fonts/X11/Type1,
	built-ins
[    20.244] (==) ModulePath set to "/usr/lib/xorg/modules"
[    20.245] (II) The server relies on udev to provide the list of input devices.
	If no devices become available, reconfigure udev or disable AutoAddDevices.
[    20.245] (II) Loader magic: 0x55ef0b78b020
[    20.245] (II) Module ABI versions:
[    20.245] 	X.Org ANSI C Emulation: 0.4
[    20.245] 	X.Org Video Driver: 24.1
[    20.245] 	X.Org XInput driver : 24.1
[    20.245] 	X.Org Server Extension : 10.0
[    20.247] (++) using VT number 2

[    20.251] (II) systemd-logind: took control of session /org/freedesktop/login1/session/_31
[    20.267] (II) xfree86: Adding drm device (/dev/dri/card0)
[    20.269] (II) systemd-logind: got fd for /dev/dri/card0 226:0 fd 12 paused 0
[    20.277] (--) PCI:*(0@0:2:0) 15ad:0405:15ad:0405 rev 0, Mem @ 0xe0000000/16777216, 0xf0000000/2097152, I/O @ 0x0000d010/16, BIOS @ 0x????????/131072
[    20.278] (II) LoadModule: "glx"
[    20.282] (II) Loading /usr/lib/xorg/modules/extensions/libglx.so
[    20.303] (II) Module glx: vendor="X.Org Foundation"
[    20.303] 	compiled for 1.20.9, module version = 1.0.0
[    20.303] 	ABI class: X.Org Server Extension, version 10.0
[    20.304] (==) Matched vmware as autoconfigured driver 0
[    20.304] (==) Matched modesetting as autoconfigured driver 1
[    20.304] (==) Matched fbdev as autoconfigured driver 2
[    20.304] (==) Matched vesa as autoconfigured driver 3
[    20.304] (==) Assigned the driver to the xf86ConfigLayout
[    20.304] (II) LoadModule: "vmware"
[    20.305] (II) Loading /usr/lib/xorg/modules/drivers/vmware_drv.so
[    20.561] (II) Module vmware: vendor="X.Org Foundation"
[    20.561] 	compiled for 1.20.8, module version = 13.3.0
[    20.561] 	Module class: X.Org Video Driver
[    20.562] 	ABI class: X.Org Video Driver, version 24.1
[    20.562] (II) LoadModule: "modesetting"
[    20.563] (II) Loading /usr/lib/xorg/modules/drivers/modesetting_drv.so
[    20.568] (II) Module modesetting: vendor="X.Org Foundation"
[    20.568] 	compiled for 1.20.9, module version = 1.20.9
[    20.569] 	Module class: X.Org Video Driver
[    20.570] 	ABI class: X.Org Video Driver, version 24.1
[    20.570] (II) LoadModule: "fbdev"
[    20.571] (II) Loading /usr/lib/xorg/modules/drivers/fbdev_drv.so
[    20.572] (II) Module fbdev: vendor="X.Org Foundation"
[    20.572] 	compiled for 1.20.1, module version = 0.5.0
[    20.572] 	Module class: X.Org Video Driver
[    20.575] 	ABI class: X.Org Video Driver, version 24.0
[    20.576] (II) LoadModule: "vesa"
[    20.577] (II) Loading /usr/lib/xorg/modules/drivers/vesa_drv.so
[    20.578] (II) Module vesa: vendor="X.Org Foundation"
[    20.578] 	compiled for 1.20.4, module version = 2.4.0
[    20.579] 	Module class: X.Org Video Driver
[    20.579] 	ABI class: X.Org Video Driver, version 24.0
[    20.579] (II) vmware: driver for VMware SVGA: vmware0405, vmware0710
[    20.581] (II) modesetting: Driver for Modesetting Kernel Drivers: kms
[    20.584] (II) FBDEV: driver for framebuffer: fbdev
[    20.584] (II) VESA: driver for VESA chipsets: vesa
[    20.586] xf86EnableIOPorts: failed to set IOPL for I/O (Operation not permitted)
[    20.586] (WW) Falling back to old probe method for modesetting
[    20.586] (WW) Falling back to old probe method for fbdev
[    20.586] (II) Loading sub module "fbdevhw"
[    20.586] (II) LoadModule: "fbdevhw"
[    20.586] (II) Loading /usr/lib/xorg/modules/libfbdevhw.so
[    20.590] (II) Module fbdevhw: vendor="X.Org Foundation"
[    20.590] 	compiled for 1.20.9, module version = 0.0.2
[    20.590] 	ABI class: X.Org Video Driver, version 24.1
[    20.590] (EE) open /dev/fb0: Permission denied
[    20.590] (WW) VGA arbiter: cannot open kernel arbiter, no multi-card support
[    20.590] (II) vmware(0): Creating default Display subsection in Screen section
	"Default Screen Section" for depth/fbbpp 24/32
[    20.590] (--) vmware(0): DRM driver version is 2.18.0
[    20.590] (==) vmware(0): Depth 24, (--) framebuffer bpp 32
[    20.590] (==) vmware(0): RGB weight 888
[    20.590] (==) vmware(0): Default visual is TrueColor
[    20.590] (--) vmware(0): Min width 1, Max Width 8192.
[    20.590] (--) vmware(0): Min height 1, Max Height 8192.
[    20.590] (II) vmware(0): Output Virtual1 has no monitor section
[    20.591] (II) vmware(0): Output Virtual2 has no monitor section
[    20.591] (II) vmware(0): Output Virtual3 has no monitor section
[    20.591] (II) vmware(0): Output Virtual4 has no monitor section
[    20.595] (II) vmware(0): Output Virtual5 has no monitor section
[    20.595] (II) vmware(0): Output Virtual6 has no monitor section
[    20.595] (II) vmware(0): Output Virtual7 has no monitor section
[    20.595] (II) vmware(0): Output Virtual8 has no monitor section
[    20.595] (II) vmware(0): Printing probed modes for output Virtual1
[    20.595] (II) vmware(0): Modeline "800x600"x60.0   42.75  800 850 900 950  600 650 700 750 -hsync +vsync (45.0 kHz eP)
[    20.595] (II) vmware(0): Modeline "2560x1600"x60.0  348.50  2560 2752 3032 3504  1600 1603 1609 1658 -hsync +vsync (99.5 kHz e)
[    20.595] (II) vmware(0): Modeline "1920x1440"x60.0  234.00  1920 2048 2256 2600  1440 1441 1444 1500 -hsync +vsync (90.0 kHz e)
[    20.595] (II) vmware(0): Modeline "1856x1392"x60.0  218.25  1856 1952 2176 2528  1392 1393 1396 1439 -hsync +vsync (86.3 kHz e)
[    20.595] (II) vmware(0): Modeline "1792x1344"x60.0  204.75  1792 1920 2120 2448  1344 1345 1348 1394 -hsync +vsync (83.6 kHz e)
[    20.595] (II) vmware(0): Modeline "1920x1200"x59.9  193.25  1920 2056 2256 2592  1200 1203 1209 1245 -hsync +vsync (74.6 kHz e)
[    20.595] (II) vmware(0): Modeline "1600x1200"x60.0  162.00  1600 1664 1856 2160  1200 1201 1204 1250 +hsync +vsync (75.0 kHz e)
[    20.595] (II) vmware(0): Modeline "1680x1050"x60.0  146.25  1680 1784 1960 2240  1050 1053 1059 1089 -hsync +vsync (65.3 kHz e)
[    20.595] (II) vmware(0): Modeline "1400x1050"x60.0  121.75  1400 1488 1632 1864  1050 1053 1057 1089 -hsync +vsync (65.3 kHz e)
[    20.595] (II) vmware(0): Modeline "1280x1024"x60.0  108.00  1280 1328 1440 1688  1024 1025 1028 1066 +hsync +vsync (64.0 kHz e)
[    20.595] (II) vmware(0): Modeline "1440x900"x59.9  106.50  1440 1520 1672 1904  900 903 909 934 -hsync +vsync (55.9 kHz e)
[    20.595] (II) vmware(0): Modeline "1280x960"x60.0  108.00  1280 1376 1488 1800  960 961 964 1000 +hsync +vsync (60.0 kHz e)
[    20.595] (II) vmware(0): Modeline "1360x768"x60.0   85.50  1360 1424 1536 1792  768 771 777 795 +hsync +vsync (47.7 kHz e)
[    20.595] (II) vmware(0): Modeline "1280x800"x59.8   83.50  1280 1352 1480 1680  800 803 809 831 +hsync -vsync (49.7 kHz e)
[    20.595] (II) vmware(0): Modeline "1152x864"x75.0  108.00  1152 1216 1344 1600  864 865 868 900 +hsync +vsync (67.5 kHz e)
[    20.595] (II) vmware(0): Modeline "1280x768"x59.9   79.50  1280 1344 1472 1664  768 771 778 798 -hsync +vsync (47.8 kHz e)
[    20.595] (II) vmware(0): Modeline "1024x768"x60.0   65.00  1024 1048 1184 1344  768 771 777 806 -hsync -vsync (48.4 kHz e)
[    20.595] (II) vmware(0): Modeline "800x600"x60.3   40.00  800 840 968 1056  600 601 605 628 +hsync +vsync (37.9 kHz e)
[    20.595] (II) vmware(0): Modeline "640x480"x59.9   25.18  640 656 752 800  480 489 492 525 -hsync -vsync (31.5 kHz e)
[    20.595] (II) vmware(0): EDID for output Virtual2
[    20.595] (II) vmware(0): EDID for output Virtual3
[    20.595] (II) vmware(0): EDID for output Virtual4
[    20.595] (II) vmware(0): EDID for output Virtual5
[    20.595] (II) vmware(0): EDID for output Virtual6
[    20.595] (II) vmware(0): EDID for output Virtual7
[    20.595] (II) vmware(0): EDID for output Virtual8
[    20.595] (II) vmware(0): Output Virtual1 connected
[    20.595] (II) vmware(0): Output Virtual2 disconnected
[    20.595] (II) vmware(0): Output Virtual3 disconnected
[    20.595] (II) vmware(0): Output Virtual4 disconnected
[    20.595] (II) vmware(0): Output Virtual5 disconnected
[    20.595] (II) vmware(0): Output Virtual6 disconnected
[    20.595] (II) vmware(0): Output Virtual7 disconnected
[    20.595] (II) vmware(0): Output Virtual8 disconnected
[    20.595] (II) vmware(0): Using exact sizes for initial modes
[    20.595] (II) vmware(0): Output Virtual1 using initial mode 800x600 +0+0
[    20.595] (==) vmware(0): DPI set to (96, 96)
[    20.595] (==) vmware(0): Using gamma correction (1.0, 1.0, 1.0)
[    20.595] (II) Loading sub module "fb"
[    20.595] (II) LoadModule: "fb"
[    20.595] (II) Loading /usr/lib/xorg/modules/libfb.so
[    20.605] (II) Module fb: vendor="X.Org Foundation"
[    20.605] 	compiled for 1.20.9, module version = 1.0.0
[    20.605] 	ABI class: X.Org ANSI C Emulation, version 0.4
[    20.605] (II) Loading sub module "dri2"
[    20.605] (II) LoadModule: "dri2"
[    20.605] (II) Module "dri2" already built-in
[    20.605] (II) Loading sub module "dri3"
[    20.605] (II) LoadModule: "dri3"
[    20.605] (II) Module "dri3" already built-in
[    20.605] (II) UnloadModule: "modesetting"
[    20.605] (II) Unloading modesetting
[    20.606] (II) UnloadModule: "fbdev"
[    20.606] (II) Unloading fbdev
[    20.606] (II) UnloadSubModule: "fbdevhw"
[    20.606] (II) Unloading fbdevhw
[    20.606] (II) UnloadModule: "vesa"
[    20.606] (II) Unloading vesa
[    20.608] (II) vmware(0): Initialized VMWARE_CTRL extension version 0.2
[    20.630] (WW) vmware(0): Failed to initialize Gallium3D Xa. No render acceleration available.
[    20.630] (WW) vmware(0): Skipped initialization of direct rendering due to lack of render acceleration.
[    20.630] (--) vmware(0): Render acceleration is disabled.
[    20.630] (==) vmware(0): Rendercheck mode is disabled.
[    20.631] (--) vmware(0): Direct rendering (DRI2 3D) is disabled.
[    20.631] (--) vmware(0): Direct rendering (DRI3 3D) is disabled.
[    20.631] (==) vmware(0): Backing store enabled
[    20.631] (==) vmware(0): Silken mouse enabled
[    20.634] (==) vmware(0): DPMS enabled
[    20.639] (II) vmware(0): No 3D acceleration. Not setting up textured video.
[    20.641] (WW) vmware(0): Disabling Xv because no adaptors could be initialized.
[    20.641] (II) Initializing extension Generic Event Extension
[    20.643] (II) Initializing extension SHAPE
[    20.644] (II) Initializing extension MIT-SHM
[    20.646] (II) Initializing extension XInputExtension
[    20.648] (II) Initializing extension XTEST
[    20.649] (II) Initializing extension BIG-REQUESTS
[    20.651] (II) Initializing extension SYNC
[    20.651] (II) Initializing extension XKEYBOARD
[    20.653] (II) Initializing extension XC-MISC
[    20.653] (II) Initializing extension SECURITY
[    20.655] (II) Initializing extension XFIXES
[    20.657] (II) Initializing extension RENDER
[    20.659] (II) Initializing extension RANDR
[    20.663] (II) Initializing extension COMPOSITE
[    20.664] (II) Initializing extension DAMAGE
[    20.667] (II) Initializing extension MIT-SCREEN-SAVER
[    20.668] (II) Initializing extension DOUBLE-BUFFER
[    20.669] (II) Initializing extension RECORD
[    20.711] (II) Initializing extension DPMS
[    20.713] (II) Initializing extension Present
[    20.714] (II) Initializing extension DRI3
[    20.714] (II) Initializing extension X-Resource
[    20.715] (II) Initializing extension XVideo
[    20.716] (II) Initializing extension XVideo-MotionCompensation
[    20.716] (II) Initializing extension SELinux
[    20.716] (II) SELinux: Disabled on system
[    20.716] (II) Initializing extension GLX
[    20.721] (II) AIGLX: Screen 0 is not DRI2 capable
[    20.785] (II) IGLX: Loaded and initialized swrast
[    20.785] (II) GLX: Initialized DRISWRAST GL provider for screen 0
[    20.785] (II) Initializing extension XFree86-VidModeExtension
[    20.787] (II) Initializing extension XFree86-DGA
[    20.788] (II) Initializing extension XFree86-DRI
[    20.788] (II) Initializing extension DRI2
[    20.811] (II) vmware(0): Setting screen physical size to 211 x 158
[    21.183] (II) config/udev: Adding input device Power Button (/dev/input/event0)
[    21.184] (**) Power Button: Applying InputClass "libinput keyboard catchall"
[    21.184] (II) LoadModule: "libinput"
[    21.185] (II) Loading /usr/lib/xorg/modules/input/libinput_drv.so
[    21.219] (II) Module libinput: vendor="X.Org Foundation"
[    21.219] 	compiled for 1.20.4, module version = 0.29.0
[    21.220] 	Module class: X.Org XInput Driver
[    21.220] 	ABI class: X.Org XInput driver, version 24.1
[    21.220] (II) Using input driver 'libinput' for 'Power Button'
[    21.223] (II) systemd-logind: got fd for /dev/input/event0 13:64 fd 20 paused 0
[    21.223] (**) Power Button: always reports core events
[    21.223] (**) Option "Device" "/dev/input/event0"
[    21.223] (**) Option "_source" "server/udev"
[    21.253] (II) event0  - Power Button: is tagged by udev as: Keyboard
[    21.254] (II) event0  - Power Button: device is a keyboard
[    21.254] (II) event0  - Power Button: device removed
[    21.254] (**) Option "config_info" "udev:/sys/devices/LNXSYSTM:00/LNXPWRBN:00/input/input0/event0"
[    21.255] (II) XINPUT: Adding extended input device "Power Button" (type: KEYBOARD, id 6)
[    21.256] (**) Option "xkb_model" "pc105"
[    21.259] (**) Option "xkb_layout" "us"
[    21.264] (II) event0  - Power Button: is tagged by udev as: Keyboard
[    21.265] (II) event0  - Power Button: device is a keyboard
[    21.270] (II) config/udev: Adding input device Sleep Button (/dev/input/event1)
[    21.272] (**) Sleep Button: Applying InputClass "libinput keyboard catchall"
[    21.272] (II) Using input driver 'libinput' for 'Sleep Button'
[    21.275] (II) systemd-logind: got fd for /dev/input/event1 13:65 fd 23 paused 0
[    21.275] (**) Sleep Button: always reports core events
[    21.276] (**) Option "Device" "/dev/input/event1"
[    21.276] (**) Option "_source" "server/udev"
[    21.286] (II) event1  - Sleep Button: is tagged by udev as: Keyboard
[    21.287] (II) event1  - Sleep Button: device is a keyboard
[    21.287] (II) event1  - Sleep Button: device removed
[    21.287] (**) Option "config_info" "udev:/sys/devices/LNXSYSTM:00/LNXSLPBN:00/input/input1/event1"
[    21.287] (II) XINPUT: Adding extended input device "Sleep Button" (type: KEYBOARD, id 7)
[    21.288] (**) Option "xkb_model" "pc105"
[    21.288] (**) Option "xkb_layout" "us"
[    21.303] (II) event1  - Sleep Button: is tagged by udev as: Keyboard
[    21.304] (II) event1  - Sleep Button: device is a keyboard
[    21.306] (II) config/udev: Adding input device Video Bus (/dev/input/event3)
[    21.306] (**) Video Bus: Applying InputClass "libinput keyboard catchall"
[    21.308] (II) Using input driver 'libinput' for 'Video Bus'
[    21.311] (II) systemd-logind: got fd for /dev/input/event3 13:67 fd 24 paused 0
[    21.311] (**) Video Bus: always reports core events
[    21.312] (**) Option "Device" "/dev/input/event3"
[    21.312] (**) Option "_source" "server/udev"
[    21.319] (II) event3  - Video Bus: is tagged by udev as: Keyboard
[    21.320] (II) event3  - Video Bus: device is a keyboard
[    21.327] (II) event3  - Video Bus: device removed
[    21.328] (**) Option "config_info" "udev:/sys/devices/LNXSYSTM:00/LNXSYBUS:00/PNP0A03:00/LNXVIDEO:00/input/input4/event3"
[    21.328] (II) XINPUT: Adding extended input device "Video Bus" (type: KEYBOARD, id 8)
[    21.328] (**) Option "xkb_model" "pc105"
[    21.329] (**) Option "xkb_layout" "us"
[    21.336] (II) event3  - Video Bus: is tagged by udev as: Keyboard
[    21.337] (II) event3  - Video Bus: device is a keyboard
[    21.338] (II) config/udev: Adding input device VirtualBox mouse integration (/dev/input/event6)
[    21.338] (**) VirtualBox mouse integration: Applying InputClass "libinput pointer catchall"
[    21.340] (II) Using input driver 'libinput' for 'VirtualBox mouse integration'
[    21.344] (II) systemd-logind: got fd for /dev/input/event6 13:70 fd 25 paused 0
[    21.347] (**) VirtualBox mouse integration: always reports core events
[    21.347] (**) Option "Device" "/dev/input/event6"
[    21.347] (**) Option "_source" "server/udev"
[    21.352] (II) event6  - VirtualBox mouse integration: is tagged by udev as: Mouse
[    21.352] (II) event6  - VirtualBox mouse integration: device is a pointer
[    21.352] (II) event6  - VirtualBox mouse integration: device removed
[    21.353] (**) Option "config_info" "udev:/sys/devices/pci0000:00/0000:00:04.0/input/input7/event6"
[    21.353] (II) XINPUT: Adding extended input device "VirtualBox mouse integration" (type: MOUSE, id 9)
[    21.353] (**) Option "AccelerationScheme" "none"
[    21.355] (**) VirtualBox mouse integration: (accel) selected scheme none/0
[    21.356] (**) VirtualBox mouse integration: (accel) acceleration factor: 2.000
[    21.356] (**) VirtualBox mouse integration: (accel) acceleration threshold: 4
[    21.357] (II) event6  - VirtualBox mouse integration: is tagged by udev as: Mouse
[    21.358] (II) event6  - VirtualBox mouse integration: device is a pointer
[    21.362] (II) config/udev: Adding input device VirtualBox mouse integration (/dev/input/js1)
[    21.363] (II) No input driver specified, ignoring this device.
[    21.363] (II) This device may have been added with another device file.
[    21.366] (II) config/udev: Adding input device VirtualBox mouse integration (/dev/input/mouse2)
[    21.366] (II) No input driver specified, ignoring this device.
[    21.366] (II) This device may have been added with another device file.
[    21.374] (II) config/udev: Adding input device VirtualBox USB Tablet (/dev/input/event5)
[    21.375] (**) VirtualBox USB Tablet: Applying InputClass "libinput pointer catchall"
[    21.376] (II) Using input driver 'libinput' for 'VirtualBox USB Tablet'
[    21.437] (II) systemd-logind: got fd for /dev/input/event5 13:69 fd 26 paused 0
[    21.437] (**) VirtualBox USB Tablet: always reports core events
[    21.437] (**) Option "Device" "/dev/input/event5"
[    21.437] (**) Option "_source" "server/udev"
[    21.438] (II) event5  - VirtualBox USB Tablet: is tagged by udev as: Mouse
[    21.438] (II) event5  - VirtualBox USB Tablet: device is a pointer
[    21.438] (II) event5  - VirtualBox USB Tablet: device removed
[    21.438] (**) Option "config_info" "udev:/sys/devices/pci0000:00/0000:00:06.0/usb1/1-1/1-1:1.0/0003:80EE:0021.0001/input/input6/event5"
[    21.439] (II) XINPUT: Adding extended input device "VirtualBox USB Tablet" (type: MOUSE, id 10)
[    21.439] (**) Option "AccelerationScheme" "none"
[    21.439] (**) VirtualBox USB Tablet: (accel) selected scheme none/0
[    21.439] (**) VirtualBox USB Tablet: (accel) acceleration factor: 2.000
[    21.439] (**) VirtualBox USB Tablet: (accel) acceleration threshold: 4
[    21.443] (II) event5  - VirtualBox USB Tablet: is tagged by udev as: Mouse
[    21.446] (II) event5  - VirtualBox USB Tablet: device is a pointer
[    21.447] (II) config/udev: Adding input device VirtualBox USB Tablet (/dev/input/js0)
[    21.447] (II) No input driver specified, ignoring this device.
[    21.447] (II) This device may have been added with another device file.
[    21.455] (II) config/udev: Adding input device VirtualBox USB Tablet (/dev/input/mouse1)
[    21.455] (II) No input driver specified, ignoring this device.
[    21.455] (II) This device may have been added with another device file.
[    21.457] (II) config/udev: Adding input device AT Translated Set 2 keyboard (/dev/input/event2)
[    21.458] (**) AT Translated Set 2 keyboard: Applying InputClass "libinput keyboard catchall"
[    21.458] (II) Using input driver 'libinput' for 'AT Translated Set 2 keyboard'
[    21.462] (II) systemd-logind: got fd for /dev/input/event2 13:66 fd 27 paused 0
[    21.463] (**) AT Translated Set 2 keyboard: always reports core events
[    21.466] (**) Option "Device" "/dev/input/event2"
[    21.466] (**) Option "_source" "server/udev"
[    21.472] (II) event2  - AT Translated Set 2 keyboard: is tagged by udev as: Keyboard
[    21.473] (II) event2  - AT Translated Set 2 keyboard: device is a keyboard
[    21.474] (II) event2  - AT Translated Set 2 keyboard: device removed
[    21.474] (**) Option "config_info" "udev:/sys/devices/platform/i8042/serio0/input/input2/event2"
[    21.474] (II) XINPUT: Adding extended input device "AT Translated Set 2 keyboard" (type: KEYBOARD, id 11)
[    21.474] (**) Option "xkb_model" "pc105"
[    21.474] (**) Option "xkb_layout" "us"
[    21.480] (II) event2  - AT Translated Set 2 keyboard: is tagged by udev as: Keyboard
[    21.480] (II) event2  - AT Translated Set 2 keyboard: device is a keyboard
[    21.485] (II) config/udev: Adding input device ImExPS/2 Generic Explorer Mouse (/dev/input/event4)
[    21.485] (**) ImExPS/2 Generic Explorer Mouse: Applying InputClass "libinput pointer catchall"
[    21.485] (II) Using input driver 'libinput' for 'ImExPS/2 Generic Explorer Mouse'
[    21.489] (II) systemd-logind: got fd for /dev/input/event4 13:68 fd 28 paused 0
[    21.490] (**) ImExPS/2 Generic Explorer Mouse: always reports core events
[    21.490] (**) Option "Device" "/dev/input/event4"
[    21.490] (**) Option "_source" "server/udev"
[    21.498] (II) event4  - ImExPS/2 Generic Explorer Mouse: is tagged by udev as: Mouse
[    21.498] (II) event4  - ImExPS/2 Generic Explorer Mouse: device is a pointer
[    21.498] (II) event4  - ImExPS/2 Generic Explorer Mouse: device removed
[    21.499] (**) Option "config_info" "udev:/sys/devices/platform/i8042/serio1/input/input5/event4"
[    21.499] (II) XINPUT: Adding extended input device "ImExPS/2 Generic Explorer Mouse" (type: MOUSE, id 12)
[    21.501] (**) Option "AccelerationScheme" "none"
[    21.501] (**) ImExPS/2 Generic Explorer Mouse: (accel) selected scheme none/0
[    21.502] (**) ImExPS/2 Generic Explorer Mouse: (accel) acceleration factor: 2.000
[    21.502] (**) ImExPS/2 Generic Explorer Mouse: (accel) acceleration threshold: 4
[    21.507] (II) event4  - ImExPS/2 Generic Explorer Mouse: is tagged by udev as: Mouse
[    21.508] (II) event4  - ImExPS/2 Generic Explorer Mouse: device is a pointer
[    21.510] (II) config/udev: Adding input device ImExPS/2 Generic Explorer Mouse (/dev/input/mouse0)
[    21.510] (II) No input driver specified, ignoring this device.
[    21.510] (II) This device may have been added with another device file.
[  2644.970] (II) config/udev: removing device VirtualBox USB Tablet
[  2644.980] (**) Option "fd" "26"
[  2644.982] (II) event5  - VirtualBox USB Tablet: device removed
[  2645.071] (II) UnloadModule: "libinput"
[  2645.071] (II) systemd-logind: releasing fd for 13:69
[  2645.073] (EE) systemd-logind: failed to release device: Device not taken
[  2646.441] (II) config/udev: Adding input device VirtualBox USB Tablet (/dev/input/js0)
[  2646.445] (II) No input driver specified, ignoring this device.
[  2646.445] (II) This device may have been added with another device file.
[  2646.446] (II) config/udev: Adding input device VirtualBox USB Tablet (/dev/input/mouse1)
[  2646.447] (II) No input driver specified, ignoring this device.
[  2646.447] (II) This device may have been added with another device file.
[  2646.508] (II) config/udev: Adding input device VirtualBox USB Tablet (/dev/input/event5)
[  2646.508] (**) VirtualBox USB Tablet: Applying InputClass "libinput pointer catchall"
[  2646.509] (II) Using input driver 'libinput' for 'VirtualBox USB Tablet'
[  2646.568] (II) systemd-logind: got fd for /dev/input/event5 13:69 fd 45 paused 0
[  2646.568] (**) VirtualBox USB Tablet: always reports core events
[  2646.568] (**) Option "Device" "/dev/input/event5"
[  2646.568] (**) Option "_source" "server/udev"
[  2646.594] (II) event5  - VirtualBox USB Tablet: is tagged by udev as: Mouse
[  2646.595] (II) event5  - VirtualBox USB Tablet: device is a pointer
[  2646.595] (II) event5  - VirtualBox USB Tablet: device removed
[  2646.596] (**) Option "config_info" "udev:/sys/devices/pci0000:00/0000:00:06.0/usb1/1-1/1-1:1.0/0003:80EE:0021.0002/input/input8/event5"
[  2646.596] (II) XINPUT: Adding extended input device "VirtualBox USB Tablet" (type: MOUSE, id 10)
[  2646.601] (**) Option "AccelerationScheme" "none"
[  2646.605] (**) VirtualBox USB Tablet: (accel) selected scheme none/0
[  2646.606] (**) VirtualBox USB Tablet: (accel) acceleration factor: 2.000
[  2646.606] (**) VirtualBox USB Tablet: (accel) acceleration threshold: 4
[  2646.608] (II) event5  - VirtualBox USB Tablet: is tagged by udev as: Mouse
[  2646.609] (II) event5  - VirtualBox USB Tablet: device is a pointer
[  2646.623] (II) event6  - VirtualBox mouse integration: SYN_DROPPED event - some input events have been lost.
